12:25:13.869 INFO [main] org.lenskit.cli.Main: Starting LensKit 3.0-M1 on Java 1.8.0_77 from Oracle Corporation
12:25:13.927 DEBUG [main] org.lenskit.LenskitInfo: have 5573 active revisions
12:25:13.942 DEBUG [main] org.lenskit.cli.Main: Built from Git revision c0210fa3281ef8b15b0959bcd5fced43c5fec38a
12:25:13.943 DEBUG [main] org.lenskit.cli.Main: Using VM 'Java HotSpot(TM) 64-Bit Server VM' version 25.77-b03 from Oracle Corporation
12:25:13.943 INFO [main] org.lenskit.cli.Main: Have 4 processors and heap limit of 1820 MiB
12:25:13.989 INFO [main] org.lenskit.cli.util.RecommenderLoader: creating fresh recommender
12:25:14.521 INFO [main] org.lenskit.config.ConfigurationLoader: loading script from file:/Users/Xiasen/Documents/recommend%20system/course%201/week%204/cbf-assignment/etc/weighted.groovy
12:25:16.206 DEBUG [main] org.lenskit.data.dao.file.TextEntitySource: loading source ratings with base URI file:/Users/Xiasen/Documents/recommend%20system/course%201/week%204/cbf-assignment/data/movielens.yml
12:25:16.206 DEBUG [main] org.lenskit.data.dao.file.TextEntitySource: resolved file URI: file:/Users/Xiasen/Documents/recommend%20system/course%201/week%204/cbf-assignment/data/ratings.csv
12:25:16.218 INFO [main] org.lenskit.data.dao.file.TextEntitySource: loading text file source ratings to read from file:/Users/Xiasen/Documents/recommend%20system/course%201/week%204/cbf-assignment/data/ratings.csv
12:25:16.225 DEBUG [main] org.lenskit.data.dao.file.TextEntitySource: ratings: using delimiter ,
12:25:16.225 DEBUG [main] org.lenskit.data.dao.file.TextEntitySource: ratings: reading header
12:25:16.225 DEBUG [main] org.lenskit.data.dao.file.TextEntitySource: ratings: reading entities of type EntityType[rating]
12:25:16.290 DEBUG [main] org.lenskit.data.dao.file.TextEntitySource: class org.lenskit.data.ratings.RatingBuilder: using entity builder {}
12:25:16.291 DEBUG [main] org.lenskit.data.dao.file.TextEntitySource: loading source movies with base URI file:/Users/Xiasen/Documents/recommend%20system/course%201/week%204/cbf-assignment/data/movielens.yml
12:25:16.291 DEBUG [main] org.lenskit.data.dao.file.TextEntitySource: resolved file URI: file:/Users/Xiasen/Documents/recommend%20system/course%201/week%204/cbf-assignment/data/movies.csv
12:25:16.291 INFO [main] org.lenskit.data.dao.file.TextEntitySource: loading text file source movies to read from file:/Users/Xiasen/Documents/recommend%20system/course%201/week%204/cbf-assignment/data/movies.csv
12:25:16.291 DEBUG [main] org.lenskit.data.dao.file.TextEntitySource: movies: using delimiter ,
12:25:16.291 DEBUG [main] org.lenskit.data.dao.file.TextEntitySource: movies: reading header
12:25:16.291 DEBUG [main] org.lenskit.data.dao.file.TextEntitySource: movies: reading entities of type EntityType[item]
12:25:16.292 DEBUG [main] org.lenskit.data.dao.file.TextEntitySource: class org.lenskit.data.entities.BasicEntityBuilder: using entity builder {}
12:25:16.292 DEBUG [main] org.lenskit.data.dao.file.TextEntitySource: loading source tags with base URI file:/Users/Xiasen/Documents/recommend%20system/course%201/week%204/cbf-assignment/data/movielens.yml
12:25:16.292 DEBUG [main] org.lenskit.data.dao.file.TextEntitySource: resolved file URI: file:/Users/Xiasen/Documents/recommend%20system/course%201/week%204/cbf-assignment/data/tags.csv
12:25:16.292 INFO [main] org.lenskit.data.dao.file.TextEntitySource: loading text file source tags to read from file:/Users/Xiasen/Documents/recommend%20system/course%201/week%204/cbf-assignment/data/tags.csv
12:25:16.292 DEBUG [main] org.lenskit.data.dao.file.TextEntitySource: tags: using delimiter ,
12:25:16.292 DEBUG [main] org.lenskit.data.dao.file.TextEntitySource: tags: reading header
12:25:16.292 DEBUG [main] org.lenskit.data.dao.file.TextEntitySource: tags: reading entities of type EntityType[item-tag]
12:25:16.297 DEBUG [main] org.lenskit.data.dao.file.TextEntitySource: class org.lenskit.data.entities.BasicEntityBuilder: using entity builder {}
12:25:16.318 DEBUG [main] org.lenskit.LenskitRecommenderEngineBuilder: building graph from 3 configurations
12:25:16.419 DEBUG [main] org.lenskit.inject.RecommenderInstantiator: replacing nodes in graph with 14 nodes
12:25:16.426 DEBUG [main] org.lenskit.inject.RecommenderInstantiator: found 4 shared nodes
12:25:19.222 INFO [main] org.lenskit.data.dao.file.StaticDataSource: deriving entity type EntityType[user] from EntityType[rating] (column TypedName[user: long])
12:25:19.365 INFO [main] org.lenskit.data.dao.file.StaticDataSource: deriving entity type EntityType[item] from EntityType[rating] (column TypedName[item: long])
12:25:19.451 INFO [main] org.lenskit.data.dao.file.StaticDataSource: deriving entity type EntityType[user] from EntityType[item-tag] (column TypedName[user: long])
12:25:19.495 INFO [main] org.lenskit.data.dao.file.StaticDataSource: deriving entity type EntityType[item] from EntityType[item-tag] (column TypedName[item: long])
12:25:19.529 DEBUG [main] org.lenskit.data.entities.EntityCollectionBuilder: built collection of 2500 entities with type EntityType[item] and 2 indexes
12:25:19.582 DEBUG [main] org.lenskit.data.entities.EntityCollectionBuilder: built collection of 264505 entities with type EntityType[rating] and 2 indexes
12:25:19.597 DEBUG [main] org.lenskit.data.entities.EntityCollectionBuilder: built collection of 94875 entities with type EntityType[item-tag] and 2 indexes
12:25:19.598 DEBUG [main] org.lenskit.data.entities.EntityCollectionBuilder: built collection of 862 entities with type EntityType[user] and 2 indexes
12:25:19.606 INFO [main] org.lenskit.mooc.cbf.TFIDFModelProvider: Building TF-IDF model
12:25:19.736 INFO [main] org.lenskit.mooc.cbf.TFIDFModelProvider: Computed TF vectors for 2500 items
12:25:19.804 DEBUG [main] org.lenskit.inject.RecommenderInstantiator: final graph has 14 nodes
12:25:19.806 INFO [main] org.lenskit.cli.util.RecommenderLoader: built recommender in 3.487 s
12:25:19.815 INFO [main] org.lenskit.cli.commands.Recommend: recommending for 1 users
12:25:19.827 DEBUG [main] org.lenskit.basic.TopNItemRecommender: computing effective candidates for user 320 from 2500 candidates and 62 excluded items
12:25:19.830 DEBUG [main] org.lenskit.basic.TopNItemRecommender: Computing 10 recommendations for user 320 from 2438 candidates
12:25:20.387 INFO [main] org.lenskit.cli.commands.Recommend: recommended for 1 users in 571.8 ms
12:25:20.389 INFO [main] org.lenskit.cli.Main: If you use LensKit in published research, please see http://lenskit.org/research/
